#
# An unexpected error has been detected by Java Runtime Environment:
#
#  EXCEPTION_ACCESS_VIOLATION (0xc0000005) at pc=0x6d982db8, pid=5784, tid=4336
#
# Java VM: Java HotSpot(TM) Client VM (11.3-b02 mixed mode, sharing windows-x86)
# Problematic frame:
# V  [jvm.dll+0xd2db8]
#
# If you would like to submit a bug report, please visit:
#   http://java.sun.com/webapps/bugreport/crash.jsp
#

---------------  T H R E A D  ---------------

Current thread (0x018cd800):  JavaThread "Java2D Disposer" daemon [_thread_in_vm, id=4336, stack(0x03cd0000,0x03d20000)]

siginfo: ExceptionCode=0xc0000005, reading address 0x00000000

Registers:
EAX=0x00000000, EBX=0x00000000, ECX=0x03d1fa84, EDX=0x03d1fae9
ESP=0x03d1fa30, EBP=0x01881930, ESI=0x018cd800, EDI=0x018ca190
EIP=0x6d982db8, EFLAGS=0x00010203

Top of Stack: (sp=0x03d1fa30)
0x03d1fa30:   0182b0c0 03d1fbe8 018cd914 018cd800
0x03d1fa40:   00000000 00000003 6d9791f0 018804e8
0x03d1fa50:   018804f0 018808dc 018cd800 6d982bdc
0x03d1fa60:   03d1fb70 01881930 03d1fab8 018cd800
0x03d1fa70:   018cd914 05de4d6c 03d1fbc4 00574c38
0x03d1fa80:   018804e8 01881930 018808dc 6da9abb0
0x03d1fa90:   6da91d28 01881934 00000000 00000000
0x03d1faa0:   00000000 00000000 00000000 00000000 

Instructions: (pc=0x6d982db8)
0x6d982da8:   8c 24 c4 00 00 00 89 2c 81 ff 84 24 d0 00 00 00
0x6d982db8:   8b 03 8b 50 08 0f b7 4a 26 8b 50 0c 8b 44 8a 1c 


Stack: [0x03cd0000,0x03d20000],  sp=0x03d1fa30,  free space=318k
Native frames: (J=compiled Java code, j=interpreted, Vv=VM code, C=native code)
V  [jvm.dll+0xd2db8]

Java frames: (J=compiled Java code, j=interpreted, Vv=VM code)
j  java.awt.Cursor.finalizeImpl(J)V+0
j  java.awt.Cursor.access$000(J)V+1
j  java.awt.Cursor$CursorDisposer.dispose()V+13
j  sun.java2d.Disposer.run()V+26
j  java.lang.Thread.run()V+11
v  ~StubRoutines::call_stub

---------------  P R O C E S S  ---------------

Java Threads: ( => current thread )
  0x05e70800 JavaThread "TimerQueue" daemon [_thread_blocked, id=5140, stack(0x08450000,0x084a0000)]
  0x01811400 JavaThread "DestroyJavaVM" [_thread_blocked, id=5336, stack(0x00270000,0x002c0000)]
  0x05ebcc00 JavaThread "AWT-EventQueue-0" [_thread_blocked, id=5168, stack(0x04450000,0x044a0000)]
  0x018d0000 JavaThread "AWT-Shutdown" [_thread_blocked, id=4980, stack(0x03d20000,0x03d70000)]
=>0x018cd800 JavaThread "Java2D Disposer" daemon [_thread_in_vm, id=4336, stack(0x03cd0000,0x03d20000)]
  0x0188f400 JavaThread "Low Memory Detector" daemon [_thread_blocked, id=5408, stack(0x03b70000,0x03bc0000)]
  0x01888800 JavaThread "CompilerThread0" daemon [_thread_blocked, id=6036, stack(0x03b20000,0x03b70000)]
  0x01888000 JavaThread "Attach Listener" daemon [_thread_blocked, id=640, stack(0x03ad0000,0x03b20000)]
  0x0183c000 JavaThread "Finalizer" daemon [_thread_blocked, id=5388, stack(0x03a30000,0x03a80000)]
  0x0183ac00 JavaThread "Reference Handler" daemon [_thread_blocked, id=5384, stack(0x039e0000,0x03a30000)]

Other Threads:
  0x01839000 VMThread [stack: 0x03990000,0x039e0000] [id=3528]

VM state:synchronizing (normal execution)

VM Mutex/Monitor currently owned by a thread:  ([mutex/lock_event])
[0x0032f2c8] UNKNOWN - owner thread: 0x01839000

Heap
 def new generation   total 960K, used 47K [0x23910000, 0x23a10000, 0x23df0000)
  eden space 896K,   2% used [0x23910000, 0x23916300, 0x239f0000)
  from space 64K,  35% used [0x239f0000, 0x239f5b80, 0x23a00000)
  to   space 64K,   0% used [0x23a00000, 0x23a00000, 0x23a10000)
 tenured generation   total 19724K, used 16241K [0x23df0000, 0x25133000, 0x27910000)
   the space 19724K,  82% used [0x23df0000, 0x24dcc720, 0x24dcc800, 0x25133000)
 compacting perm gen  total 12288K, used 384K [0x27910000, 0x28510000, 0x2b910000)
   the space 12288K,   3% used [0x27910000, 0x279701d0, 0x27970200, 0x28510000)
    ro space 8192K,  67% used [0x2b910000, 0x2be77ea8, 0x2be78000, 0x2c110000)
    rw space 12288K,  53% used [0x2c110000, 0x2c785530, 0x2c785600, 0x2cd10000)

Dynamic libraries:
0x00400000 - 0x00424000 	C:\Program Files\Java\jdk1.6.0_13\bin\java.exe
0x773d0000 - 0x7750c000 	C:\Windows\SYSTEM32\ntdll.dll
0x758c0000 - 0x75994000 	C:\Windows\system32\kernel32.dll
0x755a0000 - 0x755ea000 	C:\Windows\system32\KERNELBASE.dll
0x75820000 - 0x758c0000 	C:\Windows\system32\ADVAPI32.dll
0x771e0000 - 0x7728c000 	C:\Windows\system32\msvcrt.dll
0x77020000 - 0x77039000 	C:\Windows\SYSTEM32\sechost.dll
0x76c90000 - 0x76d31000 	C:\Windows\system32\RPCRT4.dll
0x7c340000 - 0x7c396000 	C:\Program Files\Java\jdk1.6.0_13\jre\bin\msvcr71.dll
0x6d8b0000 - 0x6db06000 	C:\Program Files\Java\jdk1.6.0_13\jre\bin\client\jvm.dll
0x77110000 - 0x771d9000 	C:\Windows\system32\USER32.dll
0x76be0000 - 0x76c2e000 	C:\Windows\system32\GDI32.dll
0x77560000 - 0x7756a000 	C:\Windows\system32\LPK.dll
0x759a0000 - 0x75a3d000 	C:\Windows\system32\USP10.dll
0x6f410000 - 0x6f442000 	C:\Windows\system32\WINMM.dll
0x75ce0000 - 0x75cff000 	C:\Windows\system32\IMM32.DLL
0x77040000 - 0x7710c000 	C:\Windows\system32\MSCTF.dll
0x75420000 - 0x7546c000 	C:\Windows\system32\apphelp.dll
0x6d340000 - 0x6d348000 	C:\Program Files\Java\jdk1.6.0_13\jre\bin\hpi.dll
0x75a40000 - 0x75a45000 	C:\Windows\system32\PSAPI.DLL
0x6d860000 - 0x6d86c000 	C:\Program Files\Java\jdk1.6.0_13\jre\bin\verify.dll
0x6d3e0000 - 0x6d3ff000 	C:\Program Files\Java\jdk1.6.0_13\jre\bin\java.dll
0x6d8a0000 - 0x6d8af000 	C:\Program Files\Java\jdk1.6.0_13\jre\bin\zip.dll
0x6d0b0000 - 0x6d1fa000 	C:\Program Files\Java\jdk1.6.0_13\jre\bin\awt.dll
0x6f460000 - 0x6f4b1000 	C:\Windows\system32\WINSPOOL.DRV
0x76dc0000 - 0x76f1c000 	C:\Windows\system32\ole32.dll
0x74430000 - 0x745ce000 	C:\Windows\WinSxS\x86_microsoft.windows.common-controls_6595b64144ccf1df_6.0.7601.17514_none_41e6975e2bd6f2b2\comctl32.dll
0x76c30000 - 0x76c87000 	C:\Windows\system32\SHLWAPI.dll
0x73f80000 - 0x73f93000 	C:\Windows\system32\DWMAPI.DLL
0x742b0000 - 0x742f0000 	C:\Windows\system32\uxtheme.dll
0x6d2e0000 - 0x6d334000 	C:\Program Files\Java\jdk1.6.0_13\jre\bin\fontmanager.dll
0x10000000 - 0x1002f000 	C:\Windows\W7FBC\dll.dll
0x76d40000 - 0x76dbb000 	C:\Windows\system32\COMDLG32.dll
0x75d40000 - 0x7698a000 	C:\Windows\system32\SHELL32.dll
0x75c50000 - 0x75cdf000 	C:\Windows\system32\OLEAUT32.dll
0x74120000 - 0x742b0000 	C:\Windows\WinSxS\x86_microsoft.windows.gdiplus_6595b64144ccf1df_1.1.7601.17514_none_72d18a4386696c80\gdiplus.dll
0x75470000 - 0x7547c000 	C:\Windows\system32\CRYPTBASE.dll
0x6d6c0000 - 0x6d6d3000 	C:\Program Files\Java\jdk1.6.0_13\jre\bin\net.dll
0x75d00000 - 0x75d35000 	C:\Windows\system32\WS2_32.dll
0x76ba0000 - 0x76ba6000 	C:\Windows\system32\NSI.dll
0x74f80000 - 0x74fbc000 	C:\Windows\system32\mswsock.dll
0x74f70000 - 0x74f76000 	C:\Windows\System32\wship6.dll
0x6d6e0000 - 0x6d6e9000 	C:\Program Files\Java\jdk1.6.0_13\jre\bin\nio.dll
0x77570000 - 0x775f3000 	C:\Windows\system32\CLBCatQ.DLL
0x04010000 - 0x04018000 	C:\Program Files\Internet Download Manager\idmmkb.dll

VM Arguments:
jvm_args: -Dfile.encoding=UTF-8 
java_command: paint.paint
Launcher Type: SUN_STANDARD

Environment Variables:
PATH=C:\Program Files\JavaFX\javafx-sdk1.1\bin;C:\Program Files\JavaFX\javafx-sdk1.1\emulator\bin;C:\Windows\system32;C:\Windows;C:\Windows\System32\Wbem;C:\Windows\System32\WindowsPowerShell\v1.0\;C:\Program Files\ATI Technologies\ATI.ACE\Core-Static;C:\Program Files\Microsoft SQL Server\100\Tools\Binn\;C:\Program Files\Microsoft SQL Server\100\DTS\Binn\;C:\Program Files\Java\jdk1.6.0_13\bin
USERNAME=Taposh
OS=Windows_NT
PROCESSOR_IDENTIFIER=x86 Family 15 Model 127 Stepping 2, AuthenticAMD



---------------  S Y S T E M  ---------------

OS: Windows NT 6.1 Build 7601 Service Pack 1

CPU:total 1 (1 cores per cpu, 1 threads per core) family 15 model 127 stepping 2, cmov, cx8, fxsr, mmx, sse, sse2, sse3, mmxext, 3dnow, 3dnowext

Memory: 4k page, physical 1964016k(691476k free), swap 3928032k(2061364k free)

vm_info: Java HotSpot(TM) Client VM (11.3-b02) for windows-x86 JRE (1.6.0_13-b03), built on Mar  9 2009 01:15:24 by "java_re" with MS VC++ 7.1

time: Mon Sep 02 22:33:17 2013
elapsed time: 36 seconds

